<?xml version="1.0" encoding="UTF-8"?>
<!-- Generated by org.testng.reporters.JUnitReportReporter -->
<testsuite hostname="DESKTOP-HTJJPCU" failures="0" tests="1" name="com.frame.Demo1" time="3.628" errors="0" timestamp="2024-12-04T09:02:28 IST" skipped="0">
  <testcase classname="com.frame.Demo1" name="testFrameYoutube" time="3.628"/>
</testsuite> <!-- com.frame.Demo1 -->
