<?xml version="1.0" encoding="UTF-8"?>
<!-- Generated by org.testng.reporters.JUnitReportReporter -->
<testsuite hostname="DESKTOP-HTJJPCU" failures="0" tests="1" name="com.action.Mousehover" time="2.661" errors="0" timestamp="2024-12-05T10:41:11 IST" skipped="0">
  <testcase classname="com.action.Mousehover" name="mAction" time="2.661"/>
</testsuite> <!-- com.action.Mousehover -->
