<?xml version="1.0" encoding="UTF-8"?>
<!-- Generated by org.testng.reporters.JUnitReportReporter -->
<testsuite hostname="DESKTOP-HTJJPCU" failures="0" tests="1" name="com.action.Mousehover" time="5.421" errors="0" timestamp="2024-12-04T14:44:13 IST" skipped="0">
  <testcase classname="com.action.Mousehover" name="mAction" time="5.421"/>
</testsuite> <!-- com.action.Mousehover -->
