<?xml version="1.0" encoding="UTF-8"?>
<!-- Generated by org.testng.reporters.JUnitReportReporter -->
<testsuite hostname="DESKTOP-HTJJPCU" failures="0" tests="1" name="com.frame.Demo1" time="15.846" errors="0" timestamp="2024-12-05T11:25:38 IST" skipped="0">
  <testcase classname="com.frame.Demo1" name="testFrameYoutube" time="15.846"/>
</testsuite> <!-- com.frame.Demo1 -->
